kotlin version: 2.3.21
error message: org.jetbrains.kotlin.fir.pipeline.IrGenerationExtensionException: IR lowering failed at: RemapControlsScreen.kt
	at org.jetbrains.kotlin.fir.pipeline.Fir2IrPipeline.applyIrGenerationExtensions(convertToIr.kt:584)
	at org.jetbrains.kotlin.fir.pipeline.Fir2IrPipeline.runActualizationPipeline(convertToIr.kt:283)
	at org.jetbrains.kotlin.fir.pipeline.Fir2IrPipeline.convertToIrAndActualize(convertToIr.kt:154)
	at org.jetbrains.kotlin.fir.pipeline.ConvertToIrKt.convertToIrAndActualize-MT2kVtw(convertToIr.kt:119)
	at org.jetbrains.kotlin.fir.pipeline.ConvertToIrKt.convertToIrAndActualize-MT2kVtw$default(convertToIr.kt:92)
	at org.jetbrains.kotlin.cli.jvm.compiler.legacy.pipeline.JvmCompilerPipelineKt.convertToIrAndActualizeForJvm-_I1IR-w(jvmCompilerPipeline.kt:98)
	at org.jetbrains.kotlin.cli.pipeline.jvm.JvmFir2IrPipelinePhase.executePhase(JvmFir2IrPipelinePhase.kt:30)
	at org.jetbrains.kotlin.cli.pipeline.jvm.JvmFir2IrPipelinePhase.executePhase(JvmFir2IrPipelinePhase.kt:25)
	at org.jetbrains.kotlin.cli.pipeline.jvm.JvmFir2IrPipelinePhase.executePhase(JvmFir2IrPipelinePhase.kt:19)
	at org.jetbrains.kotlin.cli.pipeline.PipelinePhase.phaseBody(PipelinePhase.kt:68)
	at org.jetbrains.kotlin.cli.pipeline.PipelinePhase.phaseBody(PipelinePhase.kt:58)
	at org.jetbrains.kotlin.config.phaser.NamedCompilerPhase.invoke(CompilerPhase.kt:102)
	at org.jetbrains.kotlin.backend.common.phaser.CompositePhase.invoke(PhaseBuilders.kt:22)
	at org.jetbrains.kotlin.config.phaser.CompilerPhaseKt.invokeToplevel(CompilerPhase.kt:53)
	at org.jetbrains.kotlin.cli.pipeline.AbstractCliPipeline.runPhasedPipeline(AbstractCliPipeline.kt:109)
	at org.jetbrains.kotlin.cli.pipeline.AbstractCliPipeline.execute(AbstractCliPipeline.kt:68)
	at org.jetbrains.kotlin.cli.jvm.K2JVMCompiler.doExecutePhased(K2JVMCompiler.kt:51)
	at org.jetbrains.kotlin.cli.jvm.K2JVMCompiler.doExecutePhased(K2JVMCompiler.kt:42)
	at org.jetbrains.kotlin.cli.common.CLICompiler.execImpl(CLICompiler.kt:91)
	at org.jetbrains.kotlin.cli.common.CLICompiler.exec(CLICompiler.kt:363)
	at org.jetbrains.kotlin.incremental.IncrementalJvmCompilerRunnerBase.runCompiler(IncrementalJvmCompilerRunnerBase.kt:210)
	at org.jetbrains.kotlin.incremental.IncrementalJvmCompilerRunnerBase.runCompiler(IncrementalJvmCompilerRunnerBase.kt:52)
	at org.jetbrains.kotlin.incremental.IncrementalCompilerRunner.doCompile(IncrementalCompilerRunner.kt:510)
	at org.jetbrains.kotlin.incremental.IncrementalCompilerRunner.compileImpl(IncrementalCompilerRunner.kt:422)
	at org.jetbrains.kotlin.incremental.IncrementalCompilerRunner.tryCompileIncrementally$lambda$0$compile(IncrementalCompilerRunner.kt:252)
	at org.jetbrains.kotlin.incremental.IncrementalCompilerRunner.tryCompileIncrementally(IncrementalCompilerRunner.kt:270)
	at org.jetbrains.kotlin.incremental.IncrementalCompilerRunner.compile(IncrementalCompilerRunner.kt:122)
	at org.jetbrains.kotlin.daemon.CompileServiceImplBase.execIncrementalCompiler(CompileServiceImpl.kt:764)
	at org.jetbrains.kotlin.daemon.CompileServiceImplBase.access$execIncrementalCompiler(CompileServiceImpl.kt:107)
	at org.jetbrains.kotlin.daemon.CompileServiceImpl.compile(CompileServiceImpl.kt:2026)
	at java.base/jdk.internal.reflect.DirectMethodHandleAccessor.invoke(Unknown Source)
	at java.base/java.lang.reflect.Method.invoke(Unknown Source)
	at java.rmi/sun.rmi.server.UnicastServerRef.dispatch(Unknown Source)
	at java.rmi/sun.rmi.transport.Transport$1.run(Unknown Source)
	at java.rmi/sun.rmi.transport.Transport$1.run(Unknown Source)
	at java.base/java.security.AccessController.doPrivileged(Unknown Source)
	at java.rmi/sun.rmi.transport.Transport.serviceCall(Unknown Source)
	at java.rmi/sun.rmi.transport.tcp.TCPTransport.handleMessages(Unknown Source)
	at java.rmi/sun.rmi.transport.tcp.TCPTransport$ConnectionHandler.run0(Unknown Source)
	at java.rmi/sun.rmi.transport.tcp.TCPTransport$ConnectionHandler.lambda$run$0(Unknown Source)
	at java.base/java.security.AccessController.doPrivileged(Unknown Source)
	at java.rmi/sun.rmi.transport.tcp.TCPTransport$ConnectionHandler.run(Unknown Source)
	at java.base/java.util.concurrent.ThreadPoolExecutor.runWorker(Unknown Source)
	at java.base/java.util.concurrent.ThreadPoolExecutor$Worker.run(Unknown Source)
	at java.base/java.lang.Thread.run(Unknown Source)
Caused by: java.lang.Exception: IR lowering failed at: RemapControlsScreen.kt
	at androidx.compose.compiler.plugins.kotlin.lower.ComposerLambdaMemoization.visitFile(ComposerLambdaMemoization.kt:1294)
	at org.jetbrains.kotlin.ir.visitors.IrElementTransformerVoid.visitFile(IrElementTransformerVoid.kt:163)
	at org.jetbrains.kotlin.ir.visitors.IrElementTransformerVoid.visitFile(IrElementTransformerVoid.kt:19)
	at org.jetbrains.kotlin.ir.declarations.IrFile.accept(IrFile.kt:27)
	at org.jetbrains.kotlin.ir.declarations.IrFile.transform(IrFile.kt:30)
	at org.jetbrains.kotlin.ir.declarations.IrFile.transform(IrFile.kt:19)
	at org.jetbrains.kotlin.ir.util.TransformKt.transformInPlace(transform.kt:35)
	at org.jetbrains.kotlin.ir.declarations.IrModuleFragment.transformChildren(IrModuleFragment.kt:46)
	at org.jetbrains.kotlin.ir.visitors.IrElementTransformerVoidKt.transformChildrenVoid(IrElementTransformerVoid.kt:589)
	at androidx.compose.compiler.plugins.kotlin.lower.ComposerLambdaMemoization.lower(ComposerLambdaMemoization.kt:392)
	at androidx.compose.compiler.plugins.kotlin.ComposeIrGenerationExtension.generate(ComposeIrGenerationExtension.kt:160)
	at org.jetbrains.kotlin.fir.pipeline.Fir2IrPipeline.applyIrGenerationExtensions(convertToIr.kt:578)
	... 44 more
Caused by: java.io.FileNotFoundException: /Users/dylanbperry/projects/mapo/app/build/intermediates/built_in_kotlinc/debug/compileDebugKotlin/classes/com/mapo/data/model/steam/ControllerProfile.class (No such file or directory)
	at java.base/java.io.IoOverNioFileSystem.convertNioToIoExceptionInStreams(Unknown Source)
	at java.base/java.io.IoOverNioFileSystem.initializeStreamsUsingNio0(Unknown Source)
	at java.base/java.io.IoOverNioFileSystem.initializeStreamUsingNio(Unknown Source)
	at java.base/java.io.FileInputStream.<init>(Unknown Source)
	at org.jetbrains.kotlin.com.intellij.openapi.util.io.FileUtil.loadFileBytes(FileUtil.java:188)
	at org.jetbrains.kotlin.cli.common.localfs.KotlinLocalVirtualFile.contentsToByteArray(KotlinLocalVirtualFile.kt:108)
	at org.jetbrains.kotlin.cli.jvm.compiler.KotlinCliJavaFileManagerImpl.findClass(KotlinCliJavaFileManagerImpl.kt:149)
	at org.jetbrains.kotlin.resolve.jvm.KotlinJavaPsiFacade$CliFinder.findClass(KotlinJavaPsiFacade.java:538)
	at org.jetbrains.kotlin.resolve.jvm.KotlinJavaPsiFacade.findClass(KotlinJavaPsiFacade.java:181)
	at org.jetbrains.kotlin.load.java.JavaClassFinderImpl.findClass(JavaClassFinderImpl.kt:49)
	at org.jetbrains.kotlin.fir.java.FirJavaFacade.findClass(FirJavaFacade.kt:74)
	at org.jetbrains.kotlin.fir.java.deserialization.JvmClassFileBasedSymbolProvider.extractClassMetadata(JvmClassFileBasedSymbolProvider.kt:179)
	at org.jetbrains.kotlin.fir.deserialization.AbstractFirDeserializedSymbolProvider.findAndDeserializeClass(AbstractFirDeserializedSymbolProvider.kt:255)
	at org.jetbrains.kotlin.fir.deserialization.AbstractFirDeserializedSymbolProvider.classCache$lambda$0(AbstractFirDeserializedSymbolProvider.kt:162)
	at org.jetbrains.kotlin.fir.caches.FirThreadUnsafeCacheWithPostCompute.getValue(FirThreadUnsafeCachesFactory.kt:74)
	at org.jetbrains.kotlin.fir.deserialization.AbstractFirDeserializedSymbolProvider.getClass(AbstractFirDeserializedSymbolProvider.kt:342)
	at org.jetbrains.kotlin.fir.deserialization.AbstractFirDeserializedSymbolProvider.getClass$default(AbstractFirDeserializedSymbolProvider.kt:325)
	at org.jetbrains.kotlin.fir.deserialization.AbstractFirDeserializedSymbolProvider.getClassLikeSymbolByClassId(AbstractFirDeserializedSymbolProvider.kt:419)
	at org.jetbrains.kotlin.fir.resolve.providers.impl.FirCachingCompositeSymbolProvider.computeClass(FirCachingCompositeSymbolProvider.kt:147)
	at org.jetbrains.kotlin.fir.resolve.providers.impl.FirCachingCompositeSymbolProvider.access$computeClass(FirCachingCompositeSymbolProvider.kt:27)
	at org.jetbrains.kotlin.fir.resolve.providers.impl.FirCachingCompositeSymbolProvider$special$$inlined$createCache$1.invoke(FirCachesFactory.kt:157)
	at org.jetbrains.kotlin.fir.resolve.providers.impl.FirCachingCompositeSymbolProvider$special$$inlined$createCache$1.invoke(FirCachesFactory.kt:141)
	at org.jetbrains.kotlin.fir.caches.FirThreadUnsafeCache.getValue(FirThreadUnsafeCachesFactory.kt:53)
	at org.jetbrains.kotlin.fir.resolve.providers.impl.FirCachingCompositeSymbolProvider.getClassLikeSymbolByClassId(FirCachingCompositeSymbolProvider.kt:174)
	at org.jetbrains.kotlin.fir.resolve.ToSymbolUtilsKt.toSymbol(ToSymbolUtils.kt:76)
	at org.jetbrains.kotlin.fir.resolve.ToSymbolUtilsKt.toTypeAliasSymbol(ToSymbolUtils.kt:120)
	at org.jetbrains.kotlin.fir.resolve.TypeExpansionUtilsKt.directExpansionType(TypeExpansionUtils.kt:173)
	at org.jetbrains.kotlin.fir.resolve.TypeExpansionUtilsKt.fullyExpandedTypeNoCache(TypeExpansionUtils.kt:160)
	at org.jetbrains.kotlin.fir.resolve.TypeExpansionUtilsKt.fullyExpandedType(TypeExpansionUtils.kt:54)
	at org.jetbrains.kotlin.fir.resolve.TypeExpansionUtilsKt.fullyExpandedType$default(TypeExpansionUtils.kt:44)
	at org.jetbrains.kotlin.fir.types.ConeInferenceContext.typeDepth(ConeInferenceContext.kt:215)
	at org.jetbrains.kotlin.fir.types.ConeInferenceContext.typeDepth(ConeInferenceContext.kt:197)
	at org.jetbrains.kotlin.fir.types.ConeInferenceContext.typeDepth(ConeInferenceContext.kt:225)
	at org.jetbrains.kotlin.fir.types.ConeInferenceContext.typeDepth(ConeInferenceContext.kt:197)
	at org.jetbrains.kotlin.fir.types.ConeInferenceContext.typeDepthForApproximation(ConeInferenceContext.kt:207)
	at org.jetbrains.kotlin.types.AbstractTypeApproximator.typeDepthForApproximation(AbstractTypeApproximator.kt)
	at org.jetbrains.kotlin.types.AbstractTypeApproximator.approximateToSuperType(AbstractTypeApproximator.kt:1076)
	at org.jetbrains.kotlin.fir.types.ConeTypeApproximator.approximateToSuperType(ConeTypeApproximator.kt:19)
	at org.jetbrains.kotlin.fir.backend.Fir2IrTypeConverterKt.approximateForIrOrNull(Fir2IrTypeConverter.kt:388)
	at org.jetbrains.kotlin.fir.backend.Fir2IrTypeConverterKt.approximateForIrOrSelf(Fir2IrTypeConverter.kt:393)
	at org.jetbrains.kotlin.fir.backend.Fir2IrTypeConverter.toIrType(Fir2IrTypeConverter.kt:166)
	at org.jetbrains.kotlin.fir.backend.Fir2IrTypeConverter.toIrType$default(Fir2IrTypeConverter.kt:98)
	at org.jetbrains.kotlin.fir.backend.Fir2IrTypeConverterKt.toIrType(Fir2IrTypeConverter.kt:382)
	at org.jetbrains.kotlin.fir.backend.Fir2IrTypeConverterKt.toIrType$default(Fir2IrTypeConverter.kt:380)
	at org.jetbrains.kotlin.fir.backend.Fir2IrVisitor.visitGetClassCall(Fir2IrVisitor.kt:1735)
	at org.jetbrains.kotlin.fir.backend.Fir2IrVisitor.visitGetClassCall(Fir2IrVisitor.kt:68)
	at org.jetbrains.kotlin.fir.expressions.FirGetClassCall.accept(FirGetClassCall.kt:29)
	at org.jetbrains.kotlin.fir.backend.Fir2IrVisitor.convertToIrExpression$fir2ir(Fir2IrVisitor.kt:1028)
	at org.jetbrains.kotlin.fir.backend.Fir2IrVisitor.convertToIrExpression$fir2ir$default(Fir2IrVisitor.kt:998)
	at org.jetbrains.kotlin.fir.backend.generators.CallAndReferenceGenerator.convertArgument(CallAndReferenceGenerator.kt:1083)
	at org.jetbrains.kotlin.fir.backend.generators.CallAndReferenceGenerator.applyArgumentsWithReorderingIfNeeded(CallAndReferenceGenerator.kt:1573)
	at org.jetbrains.kotlin.fir.backend.generators.CallAndReferenceGenerator.applyCallArguments(CallAndReferenceGenerator.kt:1498)
	at org.jetbrains.kotlin.fir.backend.generators.CallAndReferenceGenerator.applyReceiversAndArguments(CallAndReferenceGenerator.kt:1388)
	at org.jetbrains.kotlin.fir.backend.generators.CallAndReferenceGenerator.applyReceiversAndArguments$default(CallAndReferenceGenerator.kt:1373)
	at org.jetbrains.kotlin.fir.backend.generators.CallAndReferenceGenerator.convertToIrAnnotation(CallAndReferenceGenerator.kt:1015)
	at org.jetbrains.kotlin.fir.backend.Fir2IrVisitor.visitAnnotation(Fir2IrVisitor.kt:721)
	at org.jetbrains.kotlin.fir.backend.Fir2IrVisitor.visitAnnotation(Fir2IrVisitor.kt:68)
	at org.jetbrains.kotlin.fir.expressions.FirAnnotation.accept(FirAnnotation.kt:34)
	at org.jetbrains.kotlin.fir.backend.Fir2IrVisitor.convertToIrExpression$fir2ir(Fir2IrVisitor.kt:1028)
	at org.jetbrains.kotlin.fir.backend.Fir2IrVisitor.convertToIrExpression$fir2ir$default(Fir2IrVisitor.kt:998)
	at org.jetbrains.kotlin.fir.backend.Fir2IrVisitor.convertToIrVarargElement(Fir2IrVisitor.kt:641)
	at org.jetbrains.kotlin.fir.backend.Fir2IrVisitor.convertToArrayLiteral(Fir2IrVisitor.kt:1802)
	at org.jetbrains.kotlin.fir.backend.Fir2IrVisitor.convertToIrExpression$fir2ir(Fir2IrVisitor.kt:1027)
	at org.jetbrains.kotlin.fir.backend.Fir2IrVisitor.convertToIrExpression$fir2ir$default(Fir2IrVisitor.kt:998)
	at org.jetbrains.kotlin.fir.backend.generators.CallAndReferenceGenerator.convertArgument(CallAndReferenceGenerator.kt:1083)
	at org.jetbrains.kotlin.fir.backend.generators.CallAndReferenceGenerator.applyArgumentsWithReorderingIfNeeded(CallAndReferenceGenerator.kt:1573)
	at org.jetbrains.kotlin.fir.backend.generators.CallAndReferenceGenerator.applyCallArguments(CallAndReferenceGenerator.kt:1498)
	at org.jetbrains.kotlin.fir.backend.generators.CallAndReferenceGenerator.applyReceiversAndArguments(CallAndReferenceGenerator.kt:1388)
	at org.jetbrains.kotlin.fir.backend.generators.CallAndReferenceGenerator.applyReceiversAndArguments$default(CallAndReferenceGenerator.kt:1373)
	at org.jetbrains.kotlin.fir.backend.generators.CallAndReferenceGenerator.convertToIrAnnotation(CallAndReferenceGenerator.kt:1015)
	at org.jetbrains.kotlin.fir.lazy.AbstractFir2IrLazyDeclaration.createLazyAnnotations$lambda$0(AbstractFir2IrLazyDeclaration.kt:43)
	at org.jetbrains.kotlin.ir.declarations.lazy.SynchronizedLazyVar.getValue(lazyUtil.kt:29)
	at org.jetbrains.kotlin.ir.declarations.lazy.SynchronizedLazyVar.getValue(lazyUtil.kt:40)
	at org.jetbrains.kotlin.fir.lazy.Fir2IrLazyClass.getAnnotations(Fir2IrLazyClass.kt:62)
	at androidx.compose.compiler.plugins.kotlin.analysis.StabilityKt.hasStableMarker(Stability.kt:176)
	at androidx.compose.compiler.plugins.kotlin.analysis.StabilityKt.hasStableMarkedDescendant(Stability.kt:184)
	at androidx.compose.compiler.plugins.kotlin.analysis.StabilityKt.access$hasStableMarkedDescendant(Stability.kt:1)
	at androidx.compose.compiler.plugins.kotlin.analysis.StabilityInferencer.stabilityOf(Stability.kt:233)
	at androidx.compose.compiler.plugins.kotlin.analysis.StabilityInferencer.stabilityOf(Stability.kt:221)
	at androidx.compose.compiler.plugins.kotlin.analysis.StabilityInferencer.stabilityOf(Stability.kt:355)
	at androidx.compose.compiler.plugins.kotlin.analysis.StabilityInferencer.stabilityOf(Stability.kt:423)
	at androidx.compose.compiler.plugins.kotlin.analysis.StabilityInferencer.stabilityOf(Stability.kt:208)
	at androidx.compose.compiler.plugins.kotlin.lower.ComposerLambdaMemoization.isStable(ComposerLambdaMemoization.kt:1161)
	at androidx.compose.compiler.plugins.kotlin.lower.ComposerLambdaMemoization.rememberExpression(ComposerLambdaMemoization.kt:1008)
	at androidx.compose.compiler.plugins.kotlin.lower.ComposerLambdaMemoization.visitNonComposableFunctionExpression(ComposerLambdaMemoization.kt:687)
	at androidx.compose.compiler.plugins.kotlin.lower.ComposerLambdaMemoization.visitFunctionExpression(ComposerLambdaMemoization.kt:886)
	at org.jetbrains.kotlin.ir.visitors.IrElementTransformerVoid.visitFunctionExpression(IrElementTransformerVoid.kt:451)
	at org.jetbrains.kotlin.ir.visitors.IrElementTransformerVoid.visitFunctionExpression(IrElementTransformerVoid.kt:19)
	at org.jetbrains.kotlin.ir.expressions.IrFunctionExpression.accept(IrFunctionExpression.kt:24)
	at org.jetbrains.kotlin.ir.expressions.IrExpression.transform(IrExpression.kt:23)
	at org.jetbrains.kotlin.ir.expressions.IrExpression.transform(IrExpression.kt:19)
	at org.jetbrains.kotlin.ir.util.TransformKt.transformInPlaceNullable(transform.kt:46)
	at org.jetbrains.kotlin.ir.expressions.IrMemberAccessExpression.transformChildren(IrMemberAccessExpression.kt:520)
	at org.jetbrains.kotlin.ir.visitors.IrElementTransformerVoid.visitExpression(IrElementTransformerVoid.kt:166)
	at org.jetbrains.kotlin.ir.visitors.IrElementTransformerVoid.visitDeclarationReference(IrElementTransformerVoid.kt:194)
	at org.jetbrains.kotlin.ir.visitors.IrElementTransformerVoid.visitMemberAccess(IrElementTransformerVoid.kt:200)
	at org.jetbrains.kotlin.ir.visitors.IrElementTransformerVoid.visitFunctionAccess(IrElementTransformerVoid.kt:206)
	at org.jetbrains.kotlin.ir.visitors.IrElementTransformerVoid.visitCall(IrElementTransformerVoid.kt:302)
	at androidx.compose.compiler.plugins.kotlin.lower.ComposerLambdaMemoization.visitCall(ComposerLambdaMemoization.kt:699)
	at org.jetbrains.kotlin.ir.visitors.IrElementTransformerVoid.visitCall(IrElementTransformerVoid.kt:305)
	at org.jetbrains.kotlin.ir.visitors.IrElementTransformerVoid.visitCall(IrElementTransformerVoid.kt:19)
	at org.jetbrains.kotlin.ir.expressions.IrCall.accept(IrCall.kt:24)
	at org.jetbrains.kotlin.ir.expressions.IrExpression.transform(IrExpression.kt:23)
	at org.jetbrains.kotlin.ir.expressions.IrExpression.transform(IrExpression.kt:19)
	at org.jetbrains.kotlin.ir.util.TransformKt.transformInPlace(transform.kt:35)
	at org.jetbrains.kotlin.ir.expressions.IrBlockBody.transformChildren(IrBlockBody.kt:27)
	at org.jetbrains.kotlin.ir.visitors.IrElementTransformerVoid.visitBody(IrElementTransformerVoid.kt:174)
	at org.jetbrains.kotlin.ir.visitors.IrElementTransformerVoid.visitBlockBody(IrElementTransformerVoid.kt:188)
	at org.jetbrains.kotlin.ir.visitors.IrElementTransformerVoid.visitBlockBody(IrElementTransformerVoid.kt:191)
	at org.jetbrains.kotlin.ir.visitors.IrElementTransformerVoid.visitBlockBody(IrElementTransformerVoid.kt:19)
	at org.jetbrains.kotlin.ir.expressions.IrBlockBody.accept(IrBlockBody.kt:20)
	at org.jetbrains.kotlin.ir.expressions.IrBody.transform(IrBody.kt:20)
	at org.jetbrains.kotlin.ir.declarations.IrFunction.transformChildren(IrFunction.kt:293)
	at org.jetbrains.kotlin.ir.visitors.IrElementTransformerVoid.visitDeclaration(IrElementTransformerVoid.kt:40)
	at androidx.compose.compiler.plugins.kotlin.lower.ComposerLambdaMemoization.visitDeclaration(ComposerLambdaMemoization.kt:398)
	at org.jetbrains.kotlin.ir.visitors.IrElementTransformerVoid.visitFunction(IrElementTransformerVoid.kt:72)
	at androidx.compose.compiler.plugins.kotlin.lower.ComposerLambdaMemoization.visitFunction(ComposerLambdaMemoization.kt:442)
	at org.jetbrains.kotlin.ir.visitors.IrElementTransformerVoid.visitSimpleFunction(IrElementTransformerVoid.kt:128)
	at org.jetbrains.kotlin.ir.visitors.IrElementTransformerVoid.visitSimpleFunction(IrElementTransformerVoid.kt:131)
	at org.jetbrains.kotlin.ir.visitors.IrElementTransformerVoid.visitSimpleFunction(IrElementTransformerVoid.kt:19)
	at org.jetbrains.kotlin.ir.declarations.IrSimpleFunction.accept(IrSimpleFunction.kt:39)
	at org.jetbrains.kotlin.ir.IrElementBase.transform(IrElementBase.kt:33)
	at org.jetbrains.kotlin.ir.expressions.IrFunctionExpression.transformChildren(IrFunctionExpression.kt:31)
	at org.jetbrains.kotlin.ir.visitors.IrElementTransformerVoid.visitExpression(IrElementTransformerVoid.kt:166)
	at org.jetbrains.kotlin.ir.visitors.IrElementTransformerVoid.visitFunctionExpression(IrElementTransformerVoid.kt:448)
	at androidx.compose.compiler.plugins.kotlin.lower.ComposerLambdaMemoization.visitComposableFunctionExpression(ComposerLambdaMemoization.kt:717)
	at androidx.compose.compiler.plugins.kotlin.lower.ComposerLambdaMemoization.visitFunctionExpression(ComposerLambdaMemoization.kt:884)
	at org.jetbrains.kotlin.ir.visitors.IrElementTransformerVoid.visitFunctionExpression(IrElementTransformerVoid.kt:451)
	at org.jetbrains.kotlin.ir.visitors.IrElementTransformerVoid.visitFunctionExpression(IrElementTransformerVoid.kt:19)
	at org.jetbrains.kotlin.ir.expressions.IrFunctionExpression.accept(IrFunctionExpression.kt:24)
	at org.jetbrains.kotlin.ir.expressions.IrExpression.transform(IrExpression.kt:23)
	at org.jetbrains.kotlin.ir.expressions.IrExpression.transform(IrExpression.kt:19)
	at org.jetbrains.kotlin.ir.util.TransformKt.transformInPlaceNullable(transform.kt:46)
	at org.jetbrains.kotlin.ir.expressions.IrMemberAccessExpression.transformChildren(IrMemberAccessExpression.kt:520)
	at org.jetbrains.kotlin.ir.visitors.IrElementTransformerVoid.visitExpression(IrElementTransformerVoid.kt:166)
	at org.jetbrains.kotlin.ir.visitors.IrElementTransformerVoid.visitDeclarationReference(IrElementTransformerVoid.kt:194)
	at org.jetbrains.kotlin.ir.visitors.IrElementTransformerVoid.visitMemberAccess(IrElementTransformerVoid.kt:200)
	at org.jetbrains.kotlin.ir.visitors.IrElementTransformerVoid.visitFunctionAccess(IrElementTransformerVoid.kt:206)
	at org.jetbrains.kotlin.ir.visitors.IrElementTransformerVoid.visitCall(IrElementTransformerVoid.kt:302)
	at androidx.compose.compiler.plugins.kotlin.lower.ComposerLambdaMemoization.visitCall(ComposerLambdaMemoization.kt:699)
	at org.jetbrains.kotlin.ir.visitors.IrElementTransformerVoid.visitCall(IrElementTransformerVoid.kt:305)
	at org.jetbrains.kotlin.ir.visitors.IrElementTransformerVoid.visitCall(IrElementTransformerVoid.kt:19)
	at org.jetbrains.kotlin.ir.expressions.IrCall.accept(IrCall.kt:24)
	at org.jetbrains.kotlin.ir.expressions.IrExpression.transform(IrExpression.kt:23)
	at org.jetbrains.kotlin.ir.expressions.IrBranch.transformChildren(IrBranch.kt:37)
	at org.jetbrains.kotlin.ir.visitors.IrElementTransformerVoid.visitElseBranch(IrElementTransformerVoid.kt:580)
	at org.jetbrains.kotlin.ir.visitors.IrElementTransformerVoid.visitElseBranch(IrElementTransformerVoid.kt:585)
	at org.jetbrains.kotlin.ir.visitors.IrElementTransformerVoid.visitElseBranch(IrElementTransformerVoid.kt:19)
	at org.jetbrains.kotlin.ir.expressions.IrElseBranch.accept(IrElseBranch.kt:19)
	at org.jetbrains.kotlin.ir.expressions.IrElseBranch.transform(IrElseBranch.kt:22)
	at org.jetbrains.kotlin.ir.expressions.IrElseBranch.transform(IrElseBranch.kt:17)
	at org.jetbrains.kotlin.ir.util.TransformKt.transformInPlace(transform.kt:35)
	at org.jetbrains.kotlin.ir.expressions.IrWhen.transformChildren(IrWhen.kt:31)
	at org.jetbrains.kotlin.ir.visitors.IrElementTransformerVoid.visitExpression(IrElementTransformerVoid.kt:166)
	at org.jetbrains.kotlin.ir.visitors.IrElementTransformerVoid.visitWhen(IrElementTransformerVoid.kt:566)
	at org.jetbrains.kotlin.ir.visitors.IrElementTransformerVoid.visitWhen(IrElementTransformerVoid.kt:569)
	at org.jetbrains.kotlin.ir.visitors.IrElementTransformerVoid.visitWhen(IrElementTransformerVoid.kt:19)
	at org.jetbrains.kotlin.ir.expressions.IrWhen.accept(IrWhen.kt:24)
	at org.jetbrains.kotlin.ir.expressions.IrExpression.transform(IrExpression.kt:23)
	at org.jetbrains.kotlin.ir.expressions.IrExpression.transform(IrExpression.kt:19)
	at org.jetbrains.kotlin.ir.util.TransformKt.transformInPlace(transform.kt:35)
	at org.jetbrains.kotlin.ir.expressions.IrContainerExpression.transformChildren(IrContainerExpression.kt:26)
	at org.jetbrains.kotlin.ir.visitors.IrElementTransformerVoid.visitExpression(IrElementTransformerVoid.kt:166)
	at org.jetbrains.kotlin.ir.visitors.IrElementTransformerVoid.visitContainerExpression(IrElementTransformerVoid.kt:248)
	at org.jetbrains.kotlin.ir.visitors.IrElementTransformerVoid.visitBlock(IrElementTransformerVoid.kt:254)
	at androidx.compose.compiler.plugins.kotlin.lower.ComposerLambdaMemoization.visitBlock(ComposerLambdaMemoization.kt:493)
	at org.jetbrains.kotlin.ir.visitors.IrElementTransformerVoid.visitBlock(IrElementTransformerVoid.kt:257)
	at org.jetbrains.kotlin.ir.visitors.IrElementTransformerVoid.visitBlock(IrElementTransformerVoid.kt:19)
	at org.jetbrains.kotlin.ir.expressions.IrBlock.accept(IrBlock.kt:18)
	at org.jetbrains.kotlin.ir.expressions.IrExpression.transform(IrExpression.kt:23)
	at org.jetbrains.kotlin.ir.declarations.IrVariable.transformChildren(IrVariable.kt:43)
	at org.jetbrains.kotlin.ir.visitors.IrElementTransformerVoid.visitDeclaration(IrElementTransformerVoid.kt:40)
	at androidx.compose.compiler.plugins.kotlin.lower.ComposerLambdaMemoization.visitDeclaration(ComposerLambdaMemoization.kt:402)
	at org.jetbrains.kotlin.ir.visitors.IrElementTransformerVoid.visitVariable(IrElementTransformerVoid.kt:140)
	at androidx.compose.compiler.plugins.kotlin.lower.ComposerLambdaMemoization.visitVariable(ComposerLambdaMemoization.kt:484)
	at org.jetbrains.kotlin.ir.visitors.IrElementTransformerVoid.visitVariable(IrElementTransformerVoid.kt:143)
	at org.jetbrains.kotlin.ir.visitors.IrElementTransformerVoid.visitVariable(IrElementTransformerVoid.kt:19)
	at org.jetbrains.kotlin.ir.declarations.IrVariable.accept(IrVariable.kt:36)
	at org.jetbrains.kotlin.ir.IrElementBase.transform(IrElementBase.kt:33)
	at org.jetbrains.kotlin.ir.util.TransformKt.transformInPlace(transform.kt:35)
	at org.jetbrains.kotlin.ir.expressions.IrContainerExpression.transformChildren(IrContainerExpression.kt:26)
	at org.jetbrains.kotlin.ir.visitors.IrElementTransformerVoid.visitExpression(IrElementTransformerVoid.kt:166)
	at org.jetbrains.kotlin.ir.visitors.IrElementTransformerVoid.visitContainerExpression(IrElementTransformerVoid.kt:248)
	at org.jetbrains.kotlin.ir.visitors.IrElementTransformerVoid.visitBlock(IrElementTransformerVoid.kt:254)
	at androidx.compose.compiler.plugins.kotlin.lower.ComposerLambdaMemoization.visitBlock(ComposerLambdaMemoization.kt:493)
	at org.jetbrains.kotlin.ir.visitors.IrElementTransformerVoid.visitBlock(IrElementTransformerVoid.kt:257)
	at org.jetbrains.kotlin.ir.visitors.IrElementTransformerVoid.visitBlock(IrElementTransformerVoid.kt:19)
	at org.jetbrains.kotlin.ir.expressions.IrBlock.accept(IrBlock.kt:18)
	at org.jetbrains.kotlin.ir.expressions.IrExpression.transform(IrExpression.kt:23)
	at org.jetbrains.kotlin.ir.expressions.IrBranch.transformChildren(IrBranch.kt:37)
	at org.jetbrains.kotlin.ir.visitors.IrElementTransformerVoid.visitBranch(IrElementTransformerVoid.kt:572)
	at org.jetbrains.kotlin.ir.visitors.IrElementTransformerVoid.visitBranch(IrElementTransformerVoid.kt:577)
	at org.jetbrains.kotlin.ir.visitors.IrElementTransformerVoid.visitBranch(IrElementTransformerVoid.kt:19)
	at org.jetbrains.kotlin.ir.expressions.IrBranch.accept(IrBranch.kt:25)
	at org.jetbrains.kotlin.ir.expressions.IrBranch.transform(IrBranch.kt:28)
	at org.jetbrains.kotlin.ir.expressions.IrBranch.transform(IrBranch.kt:19)
	at org.jetbrains.kotlin.ir.util.TransformKt.transformInPlace(transform.kt:35)
	at org.jetbrains.kotlin.ir.expressions.IrWhen.transformChildren(IrWhen.kt:31)
	at org.jetbrains.kotlin.ir.visitors.IrElementTransformerVoid.visitExpression(IrElementTransformerVoid.kt:166)
	at org.jetbrains.kotlin.ir.visitors.IrElementTransformerVoid.visitWhen(IrElementTransformerVoid.kt:566)
	at org.jetbrains.kotlin.ir.visitors.IrElementTransformerVoid.visitWhen(IrElementTransformerVoid.kt:569)
	at org.jetbrains.kotlin.ir.visitors.IrElementTransformerVoid.visitWhen(IrElementTransformerVoid.kt:19)
	at org.jetbrains.kotlin.ir.expressions.IrWhen.accept(IrWhen.kt:24)
	at org.jetbrains.kotlin.ir.expressions.IrExpression.transform(IrExpression.kt:23)
	at org.jetbrains.kotlin.ir.expressions.IrExpression.transform(IrExpression.kt:19)
	at org.jetbrains.kotlin.ir.util.TransformKt.transformInPlace(transform.kt:35)
	at org.jetbrains.kotlin.ir.expressions.IrContainerExpression.transformChildren(IrContainerExpression.kt:26)
	at org.jetbrains.kotlin.ir.visitors.IrElementTransformerVoid.visitExpression(IrElementTransformerVoid.kt:166)
	at org.jetbrains.kotlin.ir.visitors.IrElementTransformerVoid.visitContainerExpression(IrElementTransformerVoid.kt:248)
	at org.jetbrains.kotlin.ir.visitors.IrElementTransformerVoid.visitBlock(IrElementTransformerVoid.kt:254)
	at androidx.compose.compiler.plugins.kotlin.lower.ComposerLambdaMemoization.visitBlock(ComposerLambdaMemoization.kt:493)
	at org.jetbrains.kotlin.ir.visitors.IrElementTransformerVoid.visitBlock(IrElementTransformerVoid.kt:257)
	at org.jetbrains.kotlin.ir.visitors.IrElementTransformerVoid.visitBlock(IrElementTransformerVoid.kt:19)
	at org.jetbrains.kotlin.ir.expressions.IrBlock.accept(IrBlock.kt:18)
	at org.jetbrains.kotlin.ir.expressions.IrExpression.transform(IrExpression.kt:23)
	at org.jetbrains.kotlin.ir.expressions.IrExpression.transform(IrExpression.kt:19)
	at org.jetbrains.kotlin.ir.util.TransformKt.transformInPlace(transform.kt:35)
	at org.jetbrains.kotlin.ir.expressions.IrBlockBody.transformChildren(IrBlockBody.kt:27)
	at org.jetbrains.kotlin.ir.visitors.IrElementTransformerVoid.visitBody(IrElementTransformerVoid.kt:174)
	at org.jetbrains.kotlin.ir.visitors.IrElementTransformerVoid.visitBlockBody(IrElementTransformerVoid.kt:188)
	at org.jetbrains.kotlin.ir.visitors.IrElementTransformerVoid.visitBlockBody(IrElementTransformerVoid.kt:191)
	at org.jetbrains.kotlin.ir.visitors.IrElementTransformerVoid.visitBlockBody(IrElementTransformerVoid.kt:19)
	at org.jetbrains.kotlin.ir.expressions.IrBlockBody.accept(IrBlockBody.kt:20)
	at org.jetbrains.kotlin.ir.expressions.IrBody.transform(IrBody.kt:20)
	at org.jetbrains.kotlin.ir.declarations.IrFunction.transformChildren(IrFunction.kt:293)
	at org.jetbrains.kotlin.ir.visitors.IrElementTransformerVoid.visitDeclaration(IrElementTransformerVoid.kt:40)
	at androidx.compose.compiler.plugins.kotlin.lower.ComposerLambdaMemoization.visitDeclaration(ComposerLambdaMemoization.kt:398)
	at org.jetbrains.kotlin.ir.visitors.IrElementTransformerVoid.visitFunction(IrElementTransformerVoid.kt:72)
	at androidx.compose.compiler.plugins.kotlin.lower.ComposerLambdaMemoization.visitFunction(ComposerLambdaMemoization.kt:442)
	at org.jetbrains.kotlin.ir.visitors.IrElementTransformerVoid.visitSimpleFunction(IrElementTransformerVoid.kt:128)
	at org.jetbrains.kotlin.ir.visitors.IrElementTransformerVoid.visitSimpleFunction(IrElementTransformerVoid.kt:131)
	at org.jetbrains.kotlin.ir.visitors.IrElementTransformerVoid.visitSimpleFunction(IrElementTransformerVoid.kt:19)
	at org.jetbrains.kotlin.ir.declarations.IrSimpleFunction.accept(IrSimpleFunction.kt:39)
	at org.jetbrains.kotlin.ir.IrElementBase.transform(IrElementBase.kt:33)
	at org.jetbrains.kotlin.ir.util.TransformKt.transformInPlace(transform.kt:35)
	at org.jetbrains.kotlin.ir.declarations.IrPackageFragment.transformChildren(IrPackageFragment.kt:31)
	at org.jetbrains.kotlin.ir.visitors.IrElementTransformerVoid.visitPackageFragment(IrElementTransformerVoid.kt:146)
	at org.jetbrains.kotlin.ir.visitors.IrElementTransformerVoid.visitFile(IrElementTransformerVoid.kt:160)
	at androidx.compose.compiler.plugins.kotlin.lower.ComposerLambdaMemoization.visitFile(ComposerLambdaMemoization.kt:375)
	... 55 more
Caused by: java.nio.file.NoSuchFileException: /Users/dylanbperry/projects/mapo/app/build/intermediates/built_in_kotlinc/debug/compileDebugKotlin/classes/com/mapo/data/model/steam/ControllerProfile.class
	at java.base/sun.nio.fs.UnixException.translateToIOException(Unknown Source)
	at java.base/sun.nio.fs.UnixException.rethrowAsIOException(Unknown Source)
	at java.base/sun.nio.fs.UnixException.rethrowAsIOException(Unknown Source)
	at java.base/sun.nio.fs.UnixFileSystemProvider.newFileChannel(Unknown Source)
	... 293 more


error message: Daemon compilation failed

